[debug] [2020-10-01T16:59:41.769Z] ----------------------------------------------------------------------
[debug] [2020-10-01T16:59:41.772Z] Command:       C:\Program Files\nodejs\node.exe C:\Users\kbradac\AppData\Roaming\npm\node_modules\firebase-tools\lib\bin\firebase.js emulators:start
[debug] [2020-10-01T16:59:41.772Z] CLI Version:   8.10.0
[debug] [2020-10-01T16:59:41.772Z] Platform:      win32
[debug] [2020-10-01T16:59:41.772Z] Node Version:  v12.18.3
[debug] [2020-10-01T16:59:41.774Z] Time:          Thu Oct 01 2020 18:59:41 GMT+0200 (GMT+02:00)
[debug] [2020-10-01T16:59:41.774Z] ----------------------------------------------------------------------
[debug] [2020-10-01T16:59:41.775Z] 
[debug] [2020-10-01T16:59:41.793Z] > command requires scopes: ["email","openid","https://www.googleapis.com/auth/cloudplatformprojects.readonly","https://www.googleapis.com/auth/firebase","https://www.googleapis.com/auth/cloud-platform"]
[debug] [2020-10-01T16:59:41.794Z] > authorizing via signed-in user
[info] i  emulators: Starting emulators: functions, hosting {"metadata":{"emulator":{"name":"hub"},"message":"Starting emulators: functions, hosting"}}
[warn] !  emulators: It seems that you are running multiple instances of the emulator suite for project clone-c6a0c. This may result in unexpected behavior. 
[debug] [2020-10-01T16:59:43.835Z] [hub] writing locator at C:\Users\kbradac\AppData\Local\Temp\hub-clone-c6a0c.json
[warn] !  functions: The following emulators are not running, calls to these services from the Functions emulator will affect production: firestore, database, pubsub {"metadata":{"emulator":{"name":"functions"},"message":"The following emulators are not running, calls to these services from the Functions emulator will affect production: \u001b[1mfirestore, database, pubsub\u001b[22m"}}
[warn] !  Your requested "node" version "10" doesn't match your global version "12" {"metadata":{"emulator":{"name":"functions"},"message":"Your requested \"node\" version \"10\" doesn't match your global version \"12\""}}
[debug] [2020-10-01T16:59:46.108Z] defaultcredentials: writing to file C:\Users\kbradac\AppData\Roaming\firebase\kristjan_bradac69_gmail.com_application_default_credentials.json
[debug] [2020-10-01T16:59:46.112Z] Setting GAC to C:\Users\kbradac\AppData\Roaming\firebase\kristjan_bradac69_gmail.com_application_default_credentials.json {"metadata":{"emulator":{"name":"functions"},"message":"Setting GAC to C:\\Users\\kbradac\\AppData\\Roaming\\firebase\\kristjan_bradac69_gmail.com_application_default_credentials.json"}}
[debug] [2020-10-01T16:59:48.366Z] > refreshing access token with scopes: ["email","https://www.googleapis.com/auth/cloud-platform","https://www.googleapis.com/auth/cloudplatformprojects.readonly","https://www.googleapis.com/auth/firebase","openid"]
[debug] [2020-10-01T16:59:48.366Z] >>> HTTP REQUEST POST https://www.googleapis.com/oauth2/v3/token  
 <request body omitted>
[debug] [2020-10-01T16:59:48.492Z] <<< HTTP RESPONSE 200 {"content-type":"application/json; charset=utf-8","vary":"X-Origin, Referer, Origin,Accept-Encoding","date":"Thu, 01 Oct 2020 16:59:48 GMT","server":"scaffolding on HTTPServer2","cache-control":"private","x-xss-protection":"0","x-frame-options":"SAMEORIGIN","x-content-type-options":"nosniff","alt-svc":"h3-Q050=\":443\"; ma=2592000,h3-29=\":443\"; ma=2592000,h3-27=\":443\"; ma=2592000,h3-T051=\":443\"; ma=2592000,h3-T050=\":443\"; ma=2592000,h3-Q046=\":443\"; ma=2592000,h3-Q043=\":443\"; ma=2592000,quic=\":443\"; ma=2592000; v=\"46,43\"","accept-ranges":"none","transfer-encoding":"chunked"}
[debug] [2020-10-01T16:59:48.497Z] >>> HTTP REQUEST GET https://firebase.googleapis.com/v1beta1/projects/clone-c6a0c/webApps/-/config  
 
[debug] [2020-10-01T16:59:49.324Z] <<< HTTP RESPONSE 200 {"content-type":"application/json; charset=UTF-8","vary":"X-Origin, Referer, Origin,Accept-Encoding","date":"Thu, 01 Oct 2020 16:59:49 GMT","server":"ESF","cache-control":"private","x-xss-protection":"0","x-frame-options":"SAMEORIGIN","x-content-type-options":"nosniff","alt-svc":"h3-Q050=\":443\"; ma=2592000,h3-29=\":443\"; ma=2592000,h3-27=\":443\"; ma=2592000,h3-T051=\":443\"; ma=2592000,h3-T050=\":443\"; ma=2592000,h3-Q046=\":443\"; ma=2592000,h3-Q043=\":443\"; ma=2592000,quic=\":443\"; ma=2592000; v=\"46,43\"","accept-ranges":"none","transfer-encoding":"chunked"}
[info] i  hosting: Serving hosting files from: build {"metadata":{"emulator":{"name":"hosting"},"message":"Serving hosting files from: \u001b[1mbuild\u001b[22m"}}
[info] +  hosting: Local server: http://localhost:5000 {"metadata":{"emulator":{"name":"hosting"},"message":"Local server: \u001b[4m\u001b[1mhttp://localhost:5000\u001b[22m\u001b[24m"}}
[debug] [2020-10-01T16:59:54.151Z] Ignoring unsupported arg: auto_download {"metadata":{"emulator":{"name":"ui"},"message":"Ignoring unsupported arg: auto_download"}}
[debug] [2020-10-01T16:59:54.151Z] Ignoring unsupported arg: port {"metadata":{"emulator":{"name":"ui"},"message":"Ignoring unsupported arg: port"}}
[debug] [2020-10-01T16:59:54.151Z] Starting Emulator UI with command {"binary":"node","args":["C:\\Users\\kbradac\\.cache\\firebase\\emulators\\ui-v1.1.1\\server.bundle.js"],"optionalArgs":[],"joinArgs":false} {"metadata":{"emulator":{"name":"ui"},"message":"Starting Emulator UI with command {\"binary\":\"node\",\"args\":[\"C:\\\\Users\\\\kbradac\\\\.cache\\\\firebase\\\\emulators\\\\ui-v1.1.1\\\\server.bundle.js\"],\"optionalArgs\":[],\"joinArgs\":false}"}}
[info] i  ui: Emulator UI logging to ui-debug.log {"metadata":{"emulator":{"name":"ui"},"message":"Emulator UI logging to \u001b[1mui-debug.log\u001b[22m"}}
[debug] [2020-10-01T16:59:54.325Z] Web / API server started at http://localhost:4000
 {"metadata":{"emulator":{"name":"ui"},"message":"Web / API server started at http://localhost:4000\n"}}
[info] i  functions: Watching "C:\Users\kbradac\Documents\projects\5days_React_JavaScript\amazon-clone\functions" for Cloud Functions... {"metadata":{"emulator":{"name":"functions"},"message":"Watching \"C:\\Users\\kbradac\\Documents\\projects\\5days_React_JavaScript\\amazon-clone\\functions\" for Cloud Functions..."}}
[debug] [2020-10-01T16:59:54.757Z] [worker-pool] addWorker(~diagnostic~) {"metadata":{"emulator":{"name":"functions"},"message":"[worker-pool] addWorker(~diagnostic~)"}}
[debug] [2020-10-01T16:59:54.758Z] [worker-pool] Adding worker with key ~diagnostic~, total=1 {"metadata":{"emulator":{"name":"functions"},"message":"[worker-pool] Adding worker with key ~diagnostic~, total=1"}}
[debug] [2020-10-01T16:59:54.758Z] [worker-pool] submitWork(triggerId=) {"metadata":{"emulator":{"name":"functions"},"message":"[worker-pool] submitWork(triggerId=)"}}
[debug] [2020-10-01T16:59:54.758Z] [worker-~diagnostic~-5c4f71d3-bd34-43eb-8e76-a0e278aaa71a]: Assigning socketPath: \\?\pipe\C:\Users\kbradac\Documents\projects\5days_React_JavaScript\amazon-clone\functions\10140 {"metadata":{"emulator":{"name":"functions"},"message":"[worker-~diagnostic~-5c4f71d3-bd34-43eb-8e76-a0e278aaa71a]: Assigning socketPath: \\\\?\\pipe\\C:\\Users\\kbradac\\Documents\\projects\\5days_React_JavaScript\\amazon-clone\\functions\\10140"}}
[debug] [2020-10-01T16:59:54.758Z] [worker-~diagnostic~-5c4f71d3-bd34-43eb-8e76-a0e278aaa71a]: BUSY {"metadata":{"emulator":{"name":"functions"},"message":"[worker-~diagnostic~-5c4f71d3-bd34-43eb-8e76-a0e278aaa71a]: BUSY"}}
[debug] [2020-10-01T16:59:55.340Z] [runtime-status] [10140] Functions runtime initialized. {"cwd":"C:\\Users\\kbradac\\Documents\\projects\\5days_React_JavaScript\\amazon-clone\\functions","node_version":"12.18.3"} {"metadata":{"emulator":{"name":"functions"},"message":"[runtime-status] [10140] Functions runtime initialized. {\"cwd\":\"C:\\\\Users\\\\kbradac\\\\Documents\\\\projects\\\\5days_React_JavaScript\\\\amazon-clone\\\\functions\",\"node_version\":\"12.18.3\"}"}}
[debug] [2020-10-01T16:59:55.344Z] [runtime-status] [10140] Disabled runtime features: undefined {"metadata":{"emulator":{"name":"functions"},"message":"[runtime-status] [10140] Disabled runtime features: undefined"}}
[debug] [2020-10-01T16:59:55.350Z] [runtime-status] [10140] Resolved module firebase-admin {"declared":true,"installed":true,"version":"8.13.0","resolution":"C:\\Users\\kbradac\\Documents\\projects\\5days_React_JavaScript\\amazon-clone\\functions\\node_modules\\firebase-admin\\lib\\index.js"} {"metadata":{"emulator":{"name":"functions"},"message":"[runtime-status] [10140] Resolved module firebase-admin {\"declared\":true,\"installed\":true,\"version\":\"8.13.0\",\"resolution\":\"C:\\\\Users\\\\kbradac\\\\Documents\\\\projects\\\\5days_React_JavaScript\\\\amazon-clone\\\\functions\\\\node_modules\\\\firebase-admin\\\\lib\\\\index.js\"}"}}
[debug] [2020-10-01T16:59:55.357Z] [runtime-status] [10140] Resolved module firebase-functions {"declared":true,"installed":true,"version":"3.11.0","resolution":"C:\\Users\\kbradac\\Documents\\projects\\5days_React_JavaScript\\amazon-clone\\functions\\node_modules\\firebase-functions\\lib\\index.js"} {"metadata":{"emulator":{"name":"functions"},"message":"[runtime-status] [10140] Resolved module firebase-functions {\"declared\":true,\"installed\":true,\"version\":\"3.11.0\",\"resolution\":\"C:\\\\Users\\\\kbradac\\\\Documents\\\\projects\\\\5days_React_JavaScript\\\\amazon-clone\\\\functions\\\\node_modules\\\\firebase-functions\\\\lib\\\\index.js\"}"}}
[debug] [2020-10-01T16:59:55.358Z] [runtime-status] [10140] Resolved module firebase-functions {"declared":true,"installed":true,"version":"3.11.0","resolution":"C:\\Users\\kbradac\\Documents\\projects\\5days_React_JavaScript\\amazon-clone\\functions\\node_modules\\firebase-functions\\lib\\index.js"} {"metadata":{"emulator":{"name":"functions"},"message":"[runtime-status] [10140] Resolved module firebase-functions {\"declared\":true,\"installed\":true,\"version\":\"3.11.0\",\"resolution\":\"C:\\\\Users\\\\kbradac\\\\Documents\\\\projects\\\\5days_React_JavaScript\\\\amazon-clone\\\\functions\\\\node_modules\\\\firebase-functions\\\\lib\\\\index.js\"}"}}
[debug] [2020-10-01T16:59:55.361Z] [runtime-status] [10140] Outgoing network have been stubbed. [{"name":"http","status":"mocked"},{"name":"http","status":"mocked"},{"name":"https","status":"mocked"},{"name":"https","status":"mocked"},{"name":"net","status":"mocked"}] {"metadata":{"emulator":{"name":"functions"},"message":"[runtime-status] [10140] Outgoing network have been stubbed. [{\"name\":\"http\",\"status\":\"mocked\"},{\"name\":\"http\",\"status\":\"mocked\"},{\"name\":\"https\",\"status\":\"mocked\"},{\"name\":\"https\",\"status\":\"mocked\"},{\"name\":\"net\",\"status\":\"mocked\"}]"}}
[debug] [2020-10-01T16:59:55.362Z] [runtime-status] [10140] Resolved module firebase-functions {"declared":true,"installed":true,"version":"3.11.0","resolution":"C:\\Users\\kbradac\\Documents\\projects\\5days_React_JavaScript\\amazon-clone\\functions\\node_modules\\firebase-functions\\lib\\index.js"} {"metadata":{"emulator":{"name":"functions"},"message":"[runtime-status] [10140] Resolved module firebase-functions {\"declared\":true,\"installed\":true,\"version\":\"3.11.0\",\"resolution\":\"C:\\\\Users\\\\kbradac\\\\Documents\\\\projects\\\\5days_React_JavaScript\\\\amazon-clone\\\\functions\\\\node_modules\\\\firebase-functions\\\\lib\\\\index.js\"}"}}
[debug] [2020-10-01T16:59:55.465Z] [runtime-status] [10140] Checked functions.config() {"config":{}} {"metadata":{"emulator":{"name":"functions"},"message":"[runtime-status] [10140] Checked functions.config() {\"config\":{}}"}}
[debug] [2020-10-01T16:59:55.465Z] [runtime-status] [10140] firebase-functions has been stubbed. {"functionsResolution":{"declared":true,"installed":true,"version":"3.11.0","resolution":"C:\\Users\\kbradac\\Documents\\projects\\5days_React_JavaScript\\amazon-clone\\functions\\node_modules\\firebase-functions\\lib\\index.js"}} {"metadata":{"emulator":{"name":"functions"},"message":"[runtime-status] [10140] firebase-functions has been stubbed. {\"functionsResolution\":{\"declared\":true,\"installed\":true,\"version\":\"3.11.0\",\"resolution\":\"C:\\\\Users\\\\kbradac\\\\Documents\\\\projects\\\\5days_React_JavaScript\\\\amazon-clone\\\\functions\\\\node_modules\\\\firebase-functions\\\\lib\\\\index.js\"}}"}}
[debug] [2020-10-01T16:59:55.466Z] [runtime-status] [10140] Resolved module firebase-functions {"declared":true,"installed":true,"version":"3.11.0","resolution":"C:\\Users\\kbradac\\Documents\\projects\\5days_React_JavaScript\\amazon-clone\\functions\\node_modules\\firebase-functions\\lib\\index.js"} {"metadata":{"emulator":{"name":"functions"},"message":"[runtime-status] [10140] Resolved module firebase-functions {\"declared\":true,\"installed\":true,\"version\":\"3.11.0\",\"resolution\":\"C:\\\\Users\\\\kbradac\\\\Documents\\\\projects\\\\5days_React_JavaScript\\\\amazon-clone\\\\functions\\\\node_modules\\\\firebase-functions\\\\lib\\\\index.js\"}"}}
[debug] [2020-10-01T16:59:55.468Z] [runtime-status] [10140] Resolved module firebase-admin {"declared":true,"installed":true,"version":"8.13.0","resolution":"C:\\Users\\kbradac\\Documents\\projects\\5days_React_JavaScript\\amazon-clone\\functions\\node_modules\\firebase-admin\\lib\\index.js"} {"metadata":{"emulator":{"name":"functions"},"message":"[runtime-status] [10140] Resolved module firebase-admin {\"declared\":true,\"installed\":true,\"version\":\"8.13.0\",\"resolution\":\"C:\\\\Users\\\\kbradac\\\\Documents\\\\projects\\\\5days_React_JavaScript\\\\amazon-clone\\\\functions\\\\node_modules\\\\firebase-admin\\\\lib\\\\index.js\"}"}}
[debug] [2020-10-01T16:59:55.469Z] [runtime-status] [10140] Resolved module firebase-functions {"declared":true,"installed":true,"version":"3.11.0","resolution":"C:\\Users\\kbradac\\Documents\\projects\\5days_React_JavaScript\\amazon-clone\\functions\\node_modules\\firebase-functions\\lib\\index.js"} {"metadata":{"emulator":{"name":"functions"},"message":"[runtime-status] [10140] Resolved module firebase-functions {\"declared\":true,\"installed\":true,\"version\":\"3.11.0\",\"resolution\":\"C:\\\\Users\\\\kbradac\\\\Documents\\\\projects\\\\5days_React_JavaScript\\\\amazon-clone\\\\functions\\\\node_modules\\\\firebase-functions\\\\lib\\\\index.js\"}"}}
[debug] [2020-10-01T16:59:55.469Z] [runtime-status] [10140] firebase-admin has been stubbed. {"adminResolution":{"declared":true,"installed":true,"version":"8.13.0","resolution":"C:\\Users\\kbradac\\Documents\\projects\\5days_React_JavaScript\\amazon-clone\\functions\\node_modules\\firebase-admin\\lib\\index.js"}} {"metadata":{"emulator":{"name":"functions"},"message":"[runtime-status] [10140] firebase-admin has been stubbed. {\"adminResolution\":{\"declared\":true,\"installed\":true,\"version\":\"8.13.0\",\"resolution\":\"C:\\\\Users\\\\kbradac\\\\Documents\\\\projects\\\\5days_React_JavaScript\\\\amazon-clone\\\\functions\\\\node_modules\\\\firebase-admin\\\\lib\\\\index.js\"}}"}}
[info] +  functions[api]: http function initialized (http://localhost:5001/clone-c6a0c/us-central1/api). {"metadata":{"emulator":{"name":"functions"},"message":"\u001b[1mhttp\u001b[22m function initialized (http://localhost:5001/clone-c6a0c/us-central1/api)."}}
[info] 
┌───────────────────────────────────────────────────────────────────────┐
│ ✔  All emulators ready! View status and logs at http://localhost:4000 │
└───────────────────────────────────────────────────────────────────────┘

┌───────────┬────────────────┬─────────────────────────────────┐
│ Emulator  │ Host:Port      │ View in Emulator UI             │
├───────────┼────────────────┼─────────────────────────────────┤
│ Functions │ localhost:5001 │ http://localhost:4000/functions │
├───────────┼────────────────┼─────────────────────────────────┤
│ Hosting   │ localhost:5000 │ n/a                             │
└───────────┴────────────────┴─────────────────────────────────┘
  Other reserved ports: 4400, 4500

Issues? Report them at https://github.com/firebase/firebase-tools/issues and attach the *-debug.log files.
 
[debug] [2020-10-01T16:59:55.893Z] [worker-~diagnostic~-5c4f71d3-bd34-43eb-8e76-a0e278aaa71a]: IDLE {"metadata":{"emulator":{"name":"functions"},"message":"[worker-~diagnostic~-5c4f71d3-bd34-43eb-8e76-a0e278aaa71a]: IDLE"}}
[debug] [2020-10-01T17:00:16.066Z] [work-queue] {"queueLength":1,"workRunningCount":0}
[debug] [2020-10-01T17:00:16.066Z] [work-queue] {"queueLength":0,"workRunningCount":1}
[debug] [2020-10-01T17:00:16.067Z] Accepted request GET /clone-c6a0c/us-central1/api --> api
[debug] [2020-10-01T17:00:16.073Z] [worker-pool] addWorker(api) {"metadata":{"emulator":{"name":"functions"},"message":"[worker-pool] addWorker(api)"}}
[debug] [2020-10-01T17:00:16.073Z] [worker-pool] Adding worker with key api, total=1 {"metadata":{"emulator":{"name":"functions"},"message":"[worker-pool] Adding worker with key api, total=1"}}
[debug] [2020-10-01T17:00:16.073Z] [worker-pool] submitWork(triggerId=api) {"metadata":{"emulator":{"name":"functions"},"message":"[worker-pool] submitWork(triggerId=api)"}}
[debug] [2020-10-01T17:00:16.073Z] [worker-api-0d3f7d35-ac43-4613-99b8-6cfe7869dc55]: Assigning socketPath: \\?\pipe\C:\Users\kbradac\Documents\projects\5days_React_JavaScript\amazon-clone\functions\16572 {"metadata":{"emulator":{"name":"functions"},"message":"[worker-api-0d3f7d35-ac43-4613-99b8-6cfe7869dc55]: Assigning socketPath: \\\\?\\pipe\\C:\\Users\\kbradac\\Documents\\projects\\5days_React_JavaScript\\amazon-clone\\functions\\16572"}}
[debug] [2020-10-01T17:00:16.073Z] [worker-api-0d3f7d35-ac43-4613-99b8-6cfe7869dc55]: BUSY {"metadata":{"emulator":{"name":"functions"},"message":"[worker-api-0d3f7d35-ac43-4613-99b8-6cfe7869dc55]: BUSY"}}
[debug] [2020-10-01T17:00:16.927Z] [runtime-status] [16572] Functions runtime initialized. {"cwd":"C:\\Users\\kbradac\\Documents\\projects\\5days_React_JavaScript\\amazon-clone\\functions","node_version":"12.18.3"} {"metadata":{"emulator":{"name":"functions"},"function":{"name":"api"},"message":"[runtime-status] [16572] Functions runtime initialized. {\"cwd\":\"C:\\\\Users\\\\kbradac\\\\Documents\\\\projects\\\\5days_React_JavaScript\\\\amazon-clone\\\\functions\",\"node_version\":\"12.18.3\"}"}}
[debug] [2020-10-01T17:00:16.929Z] [runtime-status] [16572] Disabled runtime features: undefined {"metadata":{"emulator":{"name":"functions"},"function":{"name":"api"},"message":"[runtime-status] [16572] Disabled runtime features: undefined"}}
[debug] [2020-10-01T17:00:16.940Z] [runtime-status] [16572] Resolved module firebase-admin {"declared":true,"installed":true,"version":"8.13.0","resolution":"C:\\Users\\kbradac\\Documents\\projects\\5days_React_JavaScript\\amazon-clone\\functions\\node_modules\\firebase-admin\\lib\\index.js"} {"metadata":{"emulator":{"name":"functions"},"function":{"name":"api"},"message":"[runtime-status] [16572] Resolved module firebase-admin {\"declared\":true,\"installed\":true,\"version\":\"8.13.0\",\"resolution\":\"C:\\\\Users\\\\kbradac\\\\Documents\\\\projects\\\\5days_React_JavaScript\\\\amazon-clone\\\\functions\\\\node_modules\\\\firebase-admin\\\\lib\\\\index.js\"}"}}
[debug] [2020-10-01T17:00:16.943Z] [runtime-status] [16572] Resolved module firebase-functions {"declared":true,"installed":true,"version":"3.11.0","resolution":"C:\\Users\\kbradac\\Documents\\projects\\5days_React_JavaScript\\amazon-clone\\functions\\node_modules\\firebase-functions\\lib\\index.js"} {"metadata":{"emulator":{"name":"functions"},"function":{"name":"api"},"message":"[runtime-status] [16572] Resolved module firebase-functions {\"declared\":true,\"installed\":true,\"version\":\"3.11.0\",\"resolution\":\"C:\\\\Users\\\\kbradac\\\\Documents\\\\projects\\\\5days_React_JavaScript\\\\amazon-clone\\\\functions\\\\node_modules\\\\firebase-functions\\\\lib\\\\index.js\"}"}}
[debug] [2020-10-01T17:00:16.945Z] [runtime-status] [16572] Resolved module firebase-functions {"declared":true,"installed":true,"version":"3.11.0","resolution":"C:\\Users\\kbradac\\Documents\\projects\\5days_React_JavaScript\\amazon-clone\\functions\\node_modules\\firebase-functions\\lib\\index.js"} {"metadata":{"emulator":{"name":"functions"},"function":{"name":"api"},"message":"[runtime-status] [16572] Resolved module firebase-functions {\"declared\":true,\"installed\":true,\"version\":\"3.11.0\",\"resolution\":\"C:\\\\Users\\\\kbradac\\\\Documents\\\\projects\\\\5days_React_JavaScript\\\\amazon-clone\\\\functions\\\\node_modules\\\\firebase-functions\\\\lib\\\\index.js\"}"}}
[debug] [2020-10-01T17:00:16.947Z] [runtime-status] [16572] Outgoing network have been stubbed. [{"name":"http","status":"mocked"},{"name":"http","status":"mocked"},{"name":"https","status":"mocked"},{"name":"https","status":"mocked"},{"name":"net","status":"mocked"}] {"metadata":{"emulator":{"name":"functions"},"function":{"name":"api"},"message":"[runtime-status] [16572] Outgoing network have been stubbed. [{\"name\":\"http\",\"status\":\"mocked\"},{\"name\":\"http\",\"status\":\"mocked\"},{\"name\":\"https\",\"status\":\"mocked\"},{\"name\":\"https\",\"status\":\"mocked\"},{\"name\":\"net\",\"status\":\"mocked\"}]"}}
[debug] [2020-10-01T17:00:16.948Z] [runtime-status] [16572] Resolved module firebase-functions {"declared":true,"installed":true,"version":"3.11.0","resolution":"C:\\Users\\kbradac\\Documents\\projects\\5days_React_JavaScript\\amazon-clone\\functions\\node_modules\\firebase-functions\\lib\\index.js"} {"metadata":{"emulator":{"name":"functions"},"function":{"name":"api"},"message":"[runtime-status] [16572] Resolved module firebase-functions {\"declared\":true,\"installed\":true,\"version\":\"3.11.0\",\"resolution\":\"C:\\\\Users\\\\kbradac\\\\Documents\\\\projects\\\\5days_React_JavaScript\\\\amazon-clone\\\\functions\\\\node_modules\\\\firebase-functions\\\\lib\\\\index.js\"}"}}
[debug] [2020-10-01T17:00:17.031Z] [runtime-status] [16572] Checked functions.config() {"config":{}} {"metadata":{"emulator":{"name":"functions"},"function":{"name":"api"},"message":"[runtime-status] [16572] Checked functions.config() {\"config\":{}}"}}
[debug] [2020-10-01T17:00:17.032Z] [runtime-status] [16572] firebase-functions has been stubbed. {"functionsResolution":{"declared":true,"installed":true,"version":"3.11.0","resolution":"C:\\Users\\kbradac\\Documents\\projects\\5days_React_JavaScript\\amazon-clone\\functions\\node_modules\\firebase-functions\\lib\\index.js"}} {"metadata":{"emulator":{"name":"functions"},"function":{"name":"api"},"message":"[runtime-status] [16572] firebase-functions has been stubbed. {\"functionsResolution\":{\"declared\":true,\"installed\":true,\"version\":\"3.11.0\",\"resolution\":\"C:\\\\Users\\\\kbradac\\\\Documents\\\\projects\\\\5days_React_JavaScript\\\\amazon-clone\\\\functions\\\\node_modules\\\\firebase-functions\\\\lib\\\\index.js\"}}"}}
[debug] [2020-10-01T17:00:17.032Z] [runtime-status] [16572] Resolved module firebase-functions {"declared":true,"installed":true,"version":"3.11.0","resolution":"C:\\Users\\kbradac\\Documents\\projects\\5days_React_JavaScript\\amazon-clone\\functions\\node_modules\\firebase-functions\\lib\\index.js"} {"metadata":{"emulator":{"name":"functions"},"function":{"name":"api"},"message":"[runtime-status] [16572] Resolved module firebase-functions {\"declared\":true,\"installed\":true,\"version\":\"3.11.0\",\"resolution\":\"C:\\\\Users\\\\kbradac\\\\Documents\\\\projects\\\\5days_React_JavaScript\\\\amazon-clone\\\\functions\\\\node_modules\\\\firebase-functions\\\\lib\\\\index.js\"}"}}
[debug] [2020-10-01T17:00:17.036Z] [runtime-status] [16572] Resolved module firebase-admin {"declared":true,"installed":true,"version":"8.13.0","resolution":"C:\\Users\\kbradac\\Documents\\projects\\5days_React_JavaScript\\amazon-clone\\functions\\node_modules\\firebase-admin\\lib\\index.js"} {"metadata":{"emulator":{"name":"functions"},"function":{"name":"api"},"message":"[runtime-status] [16572] Resolved module firebase-admin {\"declared\":true,\"installed\":true,\"version\":\"8.13.0\",\"resolution\":\"C:\\\\Users\\\\kbradac\\\\Documents\\\\projects\\\\5days_React_JavaScript\\\\amazon-clone\\\\functions\\\\node_modules\\\\firebase-admin\\\\lib\\\\index.js\"}"}}
[debug] [2020-10-01T17:00:17.039Z] [runtime-status] [16572] Resolved module firebase-functions {"declared":true,"installed":true,"version":"3.11.0","resolution":"C:\\Users\\kbradac\\Documents\\projects\\5days_React_JavaScript\\amazon-clone\\functions\\node_modules\\firebase-functions\\lib\\index.js"} {"metadata":{"emulator":{"name":"functions"},"function":{"name":"api"},"message":"[runtime-status] [16572] Resolved module firebase-functions {\"declared\":true,\"installed\":true,\"version\":\"3.11.0\",\"resolution\":\"C:\\\\Users\\\\kbradac\\\\Documents\\\\projects\\\\5days_React_JavaScript\\\\amazon-clone\\\\functions\\\\node_modules\\\\firebase-functions\\\\lib\\\\index.js\"}"}}
[debug] [2020-10-01T17:00:17.039Z] [runtime-status] [16572] firebase-admin has been stubbed. {"adminResolution":{"declared":true,"installed":true,"version":"8.13.0","resolution":"C:\\Users\\kbradac\\Documents\\projects\\5days_React_JavaScript\\amazon-clone\\functions\\node_modules\\firebase-admin\\lib\\index.js"}} {"metadata":{"emulator":{"name":"functions"},"function":{"name":"api"},"message":"[runtime-status] [16572] firebase-admin has been stubbed. {\"adminResolution\":{\"declared\":true,\"installed\":true,\"version\":\"8.13.0\",\"resolution\":\"C:\\\\Users\\\\kbradac\\\\Documents\\\\projects\\\\5days_React_JavaScript\\\\amazon-clone\\\\functions\\\\node_modules\\\\firebase-admin\\\\lib\\\\index.js\"}}"}}
[debug] [2020-10-01T17:00:17.358Z] [runtime-status] [16572] Trigger "api" has been found, beginning invocation! {"metadata":{"emulator":{"name":"functions"},"function":{"name":"api"},"message":"[runtime-status] [16572] Trigger \"api\" has been found, beginning invocation!"}}
[info] i  functions: Beginning execution of "api" {"metadata":{"emulator":{"name":"functions"},"function":{"name":"api"},"message":"Beginning execution of \"api\""}}
[debug] [2020-10-01T17:00:17.359Z] [runtime-status] [16572] triggerDefinition {"httpsTrigger":{},"name":"api","entryPoint":"api"} {"metadata":{"emulator":{"name":"functions"},"function":{"name":"api"},"message":"[runtime-status] [16572] triggerDefinition {\"httpsTrigger\":{},\"name\":\"api\",\"entryPoint\":\"api\"}"}}
[debug] [2020-10-01T17:00:17.359Z] [runtime-status] [16572] Running api in mode HTTPS {"metadata":{"emulator":{"name":"functions"},"function":{"name":"api"},"message":"[runtime-status] [16572] Running api in mode HTTPS"}}
[debug] [2020-10-01T17:00:17.364Z] [runtime-status] [16572] Attempting to listen to socketPath: \\?\pipe\C:\Users\kbradac\Documents\projects\5days_React_JavaScript\amazon-clone\functions\16572 {"metadata":{"emulator":{"name":"functions"},"function":{"name":"api"},"message":"[runtime-status] [16572] Attempting to listen to socketPath: \\\\?\\pipe\\C:\\Users\\kbradac\\Documents\\projects\\5days_React_JavaScript\\amazon-clone\\functions\\16572"}}
[debug] [2020-10-01T17:00:17.368Z] [functions] Runtime ready! Sending request! {"metadata":{"emulator":{"name":"functions"},"message":"[functions] Runtime ready! Sending request!"}}
[debug] [2020-10-01T17:00:17.377Z] [runtime-status] [16572] Ephemeral server handling GET request {"metadata":{"emulator":{"name":"functions"},"function":{"name":"api"},"message":"[runtime-status] [16572] Ephemeral server handling GET request"}}
[debug] [2020-10-01T17:00:17.385Z] [runtime-status] [16572] Ephemeral server survived. {"metadata":{"emulator":{"name":"functions"},"function":{"name":"api"},"message":"[runtime-status] [16572] Ephemeral server survived."}}
[info] i  functions: Finished "api" in ~1s {"metadata":{"emulator":{"name":"functions"},"function":{"name":"api"},"message":"Finished \"api\" in ~1s"}}
[debug] [2020-10-01T17:00:17.388Z] [worker-api-0d3f7d35-ac43-4613-99b8-6cfe7869dc55]: IDLE {"metadata":{"emulator":{"name":"functions"},"message":"[worker-api-0d3f7d35-ac43-4613-99b8-6cfe7869dc55]: IDLE"}}
[debug] [2020-10-01T17:00:17.388Z] [work-queue] {"queueLength":0,"workRunningCount":0}
[debug] [2020-10-01T17:00:17.447Z] Functions emulator received unknown request at path /favicon.ico
[info] i  hosting: 127.0.0.1 - - [01/Oct/2020:17:00:24 +0000] "GET / HTTP/1.1" 404 139 "-" "Mozilla/5.0 (Windows NT 10.0; Win64; x64) AppleWebKit/537.36 (KHTML, like Gecko) Chrome/85.0.4183.121 Safari/537.36" {"metadata":{"emulator":{"name":"hosting"},"message":"127.0.0.1 - - [01/Oct/2020:17:00:24 +0000] \"GET / HTTP/1.1\" 404 139 \"-\" \"Mozilla/5.0 (Windows NT 10.0; Win64; x64) AppleWebKit/537.36 (KHTML, like Gecko) Chrome/85.0.4183.121 Safari/537.36\""}}
